0 info it worked if it ends with ok
1 verbose cli [ '/usr/local/Cellar/node/0.10.25/bin/node',
1 verbose cli   '/usr/local/bin/npm',
1 verbose cli   'install',
1 verbose cli   'https' ]
2 info using npm@1.3.24
3 info using node@v0.10.25
4 verbose cache add [ 'https', null ]
5 verbose cache add name=undefined spec="https" args=["https",null]
6 verbose parsed url { protocol: null,
6 verbose parsed url   slashes: null,
6 verbose parsed url   auth: null,
6 verbose parsed url   host: null,
6 verbose parsed url   port: null,
6 verbose parsed url   hostname: null,
6 verbose parsed url   hash: null,
6 verbose parsed url   search: null,
6 verbose parsed url   query: null,
6 verbose parsed url   pathname: 'https',
6 verbose parsed url   path: 'https',
6 verbose parsed url   href: 'https' }
7 silly lockFile c3437dbc-https https
8 verbose lock https /Users/soidid/.npm/c3437dbc-https.lock
9 silly lockFile c3437dbc-https https
10 silly lockFile c3437dbc-https https
11 verbose addNamed [ 'https', '' ]
12 verbose addNamed [ null, '*' ]
13 silly lockFile 421d451a-https https@
14 verbose lock https@ /Users/soidid/.npm/421d451a-https.lock
15 silly addNameRange { name: 'https', range: '*', hasData: false }
16 verbose url raw https
17 verbose url resolving [ 'https://registry.npmjs.org/', './https' ]
18 verbose url resolved https://registry.npmjs.org/https
19 info trying registry request attempt 1 at 12:04:20
20 http GET https://registry.npmjs.org/https
21 http 404 https://registry.npmjs.org/https
22 silly registry.get cb [ 404,
22 silly registry.get   { date: 'Thu, 24 Apr 2014 04:04:21 GMT',
22 silly registry.get     server: 'CouchDB/1.5.0 (Erlang OTP/R14B04)',
22 silly registry.get     'content-type': 'application/json',
22 silly registry.get     via: '1.1 varnish',
22 silly registry.get     'cache-control': 'max-age=0',
22 silly registry.get     'content-length': '52',
22 silly registry.get     'accept-ranges': 'bytes',
22 silly registry.get     'x-served-by': 'cache-v43-ASH, cache-ty67-TYO',
22 silly registry.get     'x-cache': 'MISS, MISS',
22 silly registry.get     'x-cache-hits': '0, 0',
22 silly registry.get     'x-timer': 'S1398312261.487878561,VS0,VS84,VE93,VE179',
22 silly registry.get     'keep-alive': 'timeout=10, max=50',
22 silly registry.get     connection: 'Keep-Alive' } ]
23 silly lockFile 421d451a-https https@
24 silly lockFile 421d451a-https https@
25 error 404 'https' is not in the npm registry.
25 error 404 You should bug the author to publish it
25 error 404
25 error 404 Note that you can also install from a
25 error 404 tarball, folder, or http url, or git url.
26 error System Darwin 13.0.2
27 error command "/usr/local/Cellar/node/0.10.25/bin/node" "/usr/local/bin/npm" "install" "https"
28 error cwd /Users/soidid/Dropbox/watchout/ly-tel/web
29 error node -v v0.10.25
30 error npm -v 1.3.24
31 error code E404
32 verbose exit [ 1, true ]
